<?xml version="1.0" encoding="UTF-8"?>
<!-- Generated by org.testng.reporters.JUnitReportReporter -->
<testsuite hostname="QSIH-00268" name="com.proware.tests.Launchtest" tests="1" failures="0" timestamp="19 Jan 2016 02:33:03 GMT" time="9.110" errors="0">
  <testcase name="test" time="9.110" classname="com.proware.tests.Launchtest"/>
</testsuite> <!-- com.proware.tests.Launchtest -->
